<?xml version="1.0" encoding="UTF-8"?>
<!-- Generated by org.testng.reporters.JUnitReportReporter -->
<testsuite hostname="MB-W-VIGNESHWARAN" failures="0" tests="1" name="com.medibuddy.qa.Phlebo.api.test.Phelo_Base_Test" time="2.399" errors="0" timestamp="2022-08-17T23:19:07 IST" skipped="0">
  <testcase classname="com.medibuddy.qa.Phlebo.api.test.Phelo_Base_Test" name="post_Get_All_Order" time="2.399"/>
  <system-out/>
</testsuite> <!-- com.medibuddy.qa.Phlebo.api.test.Phelo_Base_Test -->
