<?xml version="1.0" encoding="UTF-8"?>
<!-- Generated by org.testng.reporters.JUnitReportReporter -->
<testsuite hostname="MB-W-VIGNESHWARAN" failures="0" tests="1" name="com.qa.medibuddy.Phlebo.api.test.labs_FetchPackageDetails_Price_Zero" time="3.688" errors="0" timestamp="2022-11-22T12:45:21 IST" skipped="0">
  <testcase classname="com.qa.medibuddy.Phlebo.api.test.labs_FetchPackageDetails_Price_Zero" name="Price_Zero_Package" time="3.688"/>
  <system-out/>
</testsuite> <!-- com.qa.medibuddy.Phlebo.api.test.labs_FetchPackageDetails_Price_Zero -->
