<?xml version="1.0" encoding="UTF-8"?>
<!-- Generated by org.testng.reporters.JUnitReportReporter -->
<testsuite hostname="MB-W-VIGNESHWARAN" failures="0" tests="11" name="com.qa.medibuddy.Phlebo.api.test.Phlebo_Leaves_Tests" time="2.951" errors="0" timestamp="2022-09-13T22:29:38 IST" skipped="0">
  <testcase classname="com.qa.medibuddy.Phlebo.api.test.Phlebo_Leaves_Tests" name="view_Phlebo_leaves" time="0.227"/>
  <system-out/>
  <testcase classname="com.qa.medibuddy.Phlebo.api.test.Phlebo_Leaves_Tests" name="apply_Phleobo_Leave" time="0.250"/>
  <system-out/>
  <testcase classname="com.qa.medibuddy.Phlebo.api.test.Phlebo_Leaves_Tests" name="apply_Phleobo_Leave_For_already_Applied_Dates" time="0.589"/>
  <system-out/>
  <testcase classname="com.qa.medibuddy.Phlebo.api.test.Phlebo_Leaves_Tests" name="view_Phlebo_leaves_for_3_Days" time="0.224"/>
  <system-out/>
  <testcase classname="com.qa.medibuddy.Phlebo.api.test.Phlebo_Leaves_Tests" name="approve_Phlebo_Leave" time="0.242"/>
  <system-out/>
  <testcase classname="com.qa.medibuddy.Phlebo.api.test.Phlebo_Leaves_Tests" name="view_Phlebo_Leaves_Based_On_City_InvalidTest" time="0.222"/>
  <system-out/>
  <testcase classname="com.qa.medibuddy.Phlebo.api.test.Phlebo_Leaves_Tests" name="view_Phlebo_leaves_for_invalid_Phlebo" time="0.203"/>
  <system-out/>
  <testcase classname="com.qa.medibuddy.Phlebo.api.test.Phlebo_Leaves_Tests" name="apply_Phelbo_Leave_For_FullDay" time="0.255"/>
  <system-out/>
  <testcase classname="com.qa.medibuddy.Phlebo.api.test.Phlebo_Leaves_Tests" name="view_Phlebo_Leaves_Based_On_City" time="0.269"/>
  <system-out/>
  <testcase classname="com.qa.medibuddy.Phlebo.api.test.Phlebo_Leaves_Tests" name="apply_Phleobo_Leave_without_ID_And_Date" time="0.220"/>
  <system-out/>
  <testcase classname="com.qa.medibuddy.Phlebo.api.test.Phlebo_Leaves_Tests" name="apply_Phlebo_Leave_For_Second_Half" time="0.250"/>
  <system-out/>
</testsuite> <!-- com.qa.medibuddy.Phlebo.api.test.Phlebo_Leaves_Tests -->
