<?xml version="1.0" encoding="UTF-8"?>
<!-- Generated by org.testng.reporters.JUnitReportReporter -->
<testsuite hostname="MB-W-VIGNESHWARAN" failures="0" tests="1" name="com.qa.medibuddy.Phlebo.api.test.labs_FetchPackageDetails" time="2.884" errors="0" timestamp="2022-11-21T21:57:03 IST" skipped="0">
  <testcase classname="com.qa.medibuddy.Phlebo.api.test.labs_FetchPackageDetails" name="fetch_Public_Details" time="2.884"/>
  <system-out/>
</testsuite> <!-- com.qa.medibuddy.Phlebo.api.test.labs_FetchPackageDetails -->
