<?xml version="1.0" encoding="UTF-8"?>
<!-- Generated by org.testng.reporters.JUnitReportReporter -->
<testsuite hostname="MB-W-VIGNESHWARAN" failures="0" tests="4" name="com.qa.medibuddy.Phlebo.api.test.Phlebo_Update_pincodes" time="1.192" errors="0" timestamp="2022-09-13T22:29:38 IST" skipped="0">
  <testcase classname="com.qa.medibuddy.Phlebo.api.test.Phlebo_Update_pincodes" name="update_Pincode_With_InvalidCityName" time="0.295"/>
  <system-out/>
  <testcase classname="com.qa.medibuddy.Phlebo.api.test.Phlebo_Update_pincodes" name="update_Pincode_With_InvalidProviderId" time="0.264"/>
  <system-out/>
  <testcase classname="com.qa.medibuddy.Phlebo.api.test.Phlebo_Update_pincodes" name="update_ValidPincode_test" time="0.352"/>
  <system-out/>
  <testcase classname="com.qa.medibuddy.Phlebo.api.test.Phlebo_Update_pincodes" name="update_Invalid_Pincodes_test" time="0.281"/>
  <system-out/>
</testsuite> <!-- com.qa.medibuddy.Phlebo.api.test.Phlebo_Update_pincodes -->
