<?xml version="1.0" encoding="UTF-8"?>
<!-- Generated by org.testng.reporters.JUnitReportReporter -->
<testsuite hostname="MB-W-VIGNESHWARAN" failures="0" tests="2" name="com.qa.medibuddy.Phlebo.api.test.Phlebo_Get_Api_Tests" time="1.529" errors="0" timestamp="2022-09-13T22:29:38 IST" skipped="0">
  <testcase classname="com.qa.medibuddy.Phlebo.api.test.Phlebo_Get_Api_Tests" name="get_Lab_Tests" time="1.235"/>
  <system-out/>
  <testcase classname="com.qa.medibuddy.Phlebo.api.test.Phlebo_Get_Api_Tests" name="post_Get_All_Order" time="0.294"/>
  <system-out/>
</testsuite> <!-- com.qa.medibuddy.Phlebo.api.test.Phlebo_Get_Api_Tests -->
